-------------------------------------------------------------------------------
Test set: utils.CostsCalculatorTest
-------------------------------------------------------------------------------
Tests run: 21, Failures: 5, Errors: 0, Skipped: 0, Time elapsed: 0.044 sec <<< FAILURE!
utils.CostsCalculatorTest.testComputeMaterialsCostPerProductNoneAndDecimal()  Time elapsed: 0.024 sec  <<< FAILURE!
org.opentest4j.AssertionFailedError: expected: <663275.75> but was: <663275.8>
	at org.junit.jupiter.api.AssertionUtils.fail(AssertionUtils.java:55)
	at org.junit.jupiter.api.AssertionUtils.failNotEqual(AssertionUtils.java:62)
	at org.junit.jupiter.api.AssertEquals.assertEquals(AssertEquals.java:118)
	at org.junit.jupiter.api.AssertEquals.assertEquals(AssertEquals.java:113)
	at org.junit.jupiter.api.Assertions.assertEquals(Assertions.java:839)
	at utils.CostsCalculatorTest.testComputeMaterialsCostPerProductNoneAndDecimal(CostsCalculatorTest.java:436)

utils.CostsCalculatorTest.testComputeWorkingTimeCostProductUnitCostBigNumber()  Time elapsed: 0.003 sec  <<< FAILURE!
org.opentest4j.AssertionFailedError: expected: <3.591922E7> but was: <3.5919216E7>
	at org.junit.jupiter.api.AssertionUtils.fail(AssertionUtils.java:55)
	at org.junit.jupiter.api.AssertionUtils.failNotEqual(AssertionUtils.java:62)
	at org.junit.jupiter.api.AssertEquals.assertEquals(AssertEquals.java:118)
	at org.junit.jupiter.api.AssertEquals.assertEquals(AssertEquals.java:113)
	at org.junit.jupiter.api.Assertions.assertEquals(Assertions.java:839)
	at utils.CostsCalculatorTest.testComputeWorkingTimeCostProductUnitCostBigNumber(CostsCalculatorTest.java:280)

utils.CostsCalculatorTest.testComputeWorkingTimeCostProductTwoDecimal()  Time elapsed: 0 sec  <<< FAILURE!
org.opentest4j.AssertionFailedError: expected: <0.5> but was: <0.53>
	at org.junit.jupiter.api.AssertionUtils.fail(AssertionUtils.java:55)
	at org.junit.jupiter.api.AssertionUtils.failNotEqual(AssertionUtils.java:62)
	at org.junit.jupiter.api.AssertEquals.assertEquals(AssertEquals.java:118)
	at org.junit.jupiter.api.AssertEquals.assertEquals(AssertEquals.java:113)
	at org.junit.jupiter.api.Assertions.assertEquals(Assertions.java:839)
	at utils.CostsCalculatorTest.testComputeWorkingTimeCostProductTwoDecimal(CostsCalculatorTest.java:194)

utils.CostsCalculatorTest.testComputeMaterialsCostPerProductBigNumbers()  Time elapsed: 0.001 sec  <<< FAILURE!
org.opentest4j.AssertionFailedError: expected: <663275.75> but was: <663275.8>
	at org.junit.jupiter.api.AssertionUtils.fail(AssertionUtils.java:55)
	at org.junit.jupiter.api.AssertionUtils.failNotEqual(AssertionUtils.java:62)
	at org.junit.jupiter.api.AssertEquals.assertEquals(AssertEquals.java:118)
	at org.junit.jupiter.api.AssertEquals.assertEquals(AssertEquals.java:113)
	at org.junit.jupiter.api.Assertions.assertEquals(Assertions.java:839)
	at utils.CostsCalculatorTest.testComputeMaterialsCostPerProductBigNumbers(CostsCalculatorTest.java:544)

utils.CostsCalculatorTest.testComputeMaterialsCostPerProductBigAndDecimal()  Time elapsed: 0.001 sec  <<< FAILURE!
org.opentest4j.AssertionFailedError: expected: <133358.77> but was: <1333358.8>
	at org.junit.jupiter.api.AssertionUtils.fail(AssertionUtils.java:55)
	at org.junit.jupiter.api.AssertionUtils.failNotEqual(AssertionUtils.java:62)
	at org.junit.jupiter.api.AssertEquals.assertEquals(AssertEquals.java:118)
	at org.junit.jupiter.api.AssertEquals.assertEquals(AssertEquals.java:113)
	at org.junit.jupiter.api.Assertions.assertEquals(Assertions.java:839)
	at utils.CostsCalculatorTest.testComputeMaterialsCostPerProductBigAndDecimal(CostsCalculatorTest.java:572)

